<?xml version="1.0" encoding="UTF-8"?>
<!-- Generated by org.testng.reporters.JUnitXMLReporter -->
<testsuite ignored="2" hostname="admin" failures="0" tests="1" name="Test(failed)(failed)" time="0.1" errors="0" timestamp="2024-06-30T16:28:07 IST">
  <testcase classname="L24_TestNG.Ex10_Sample1" name="TC2" time="0.032"/>
  <testcase classname="L24_TestNG.Ex10_Sample1" name="TC1" time="0.0">
    <ignored/>
  </testcase> <!-- TC1 -->
  <testcase classname="L24_TestNG.Ex10_Sample1" name="TC3" time="0.0">
    <ignored/>
  </testcase> <!-- TC3 -->
</testsuite> <!-- Test(failed)(failed) -->
