<?xml version="1.0" encoding="UTF-8"?>
<!-- Generated by org.testng.reporters.JUnitXMLReporter -->
<testsuite ignored="0" hostname="admin" failures="1" tests="6" name="Test" time="0.078" errors="0" timestamp="2024-06-30T16:27:07 IST">
  <testcase classname="L24_TestNG.Ex10_Sample1" name="TC1" time="0.015"/>
  <testcase classname="L24_TestNG.Ex10_Sample1" name="TC2" time="0.001">
    <failure type="java.lang.Error" message="Unresolved compilation problem: 
	Syntax error, insert &amp;quot;;&amp;quot; to complete BlockStatements
">
      <![CDATA[java.lang.Error: Unresolved compilation problem: 
Syntax error, insert ";" to complete BlockStatements

at L24_TestNG.Ex10_Sample1.TC2(Ex10_Sample1.java:21)
at java.base/java.util.ArrayList.forEach(ArrayList.java:1511)
... Removed 25 stack frames]]>
    </failure>
  </testcase> <!-- TC2 -->
  <testcase classname="L24_TestNG.Ex10_Sample1" name="TC3" time="0.003"/>
  <testcase classname="L24_TestNG.Ex10_Sample2" name="TC4" time="0.002"/>
  <testcase classname="L24_TestNG.Ex10_Sample2" name="TC5" time="0.001"/>
  <testcase classname="L24_TestNG.Ex10_Sample2" name="TC6" time="0.001"/>
</testsuite> <!-- Test -->
