<?xml version="1.0" encoding="UTF-8"?>
<!-- Generated by org.testng.reporters.JUnitXMLReporter -->
<testsuite ignored="2" hostname="admin" failures="1" tests="1" name="Test(failed)" time="0.058" errors="0" timestamp="2024-06-30T16:27:36 IST">
  <testcase classname="L24_TestNG.Ex10_Sample1" name="TC2" time="0.008">
    <failure type="java.lang.Error" message="Unresolved compilation problem: 
	Syntax error, insert &amp;quot;;&amp;quot; to complete BlockStatements
">
      <![CDATA[java.lang.Error: Unresolved compilation problem: 
Syntax error, insert ";" to complete BlockStatements

at L24_TestNG.Ex10_Sample1.TC2(Ex10_Sample1.java:21)
at java.base/java.util.ArrayList.forEach(ArrayList.java:1511)
... Removed 25 stack frames]]>
    </failure>
  </testcase> <!-- TC2 -->
  <testcase classname="L24_TestNG.Ex10_Sample1" name="TC1" time="0.0">
    <ignored/>
  </testcase> <!-- TC1 -->
  <testcase classname="L24_TestNG.Ex10_Sample1" name="TC3" time="0.0">
    <ignored/>
  </testcase> <!-- TC3 -->
</testsuite> <!-- Test(failed) -->
