<?xml version="1.0" encoding="UTF-8"?>
<!-- Generated by org.testng.reporters.JUnitXMLReporter -->
<testsuite ignored="2" hostname="admin" failures="0" tests="1" name="Test(failed)(failed)(failed)" time="0.073" errors="0" timestamp="2024-06-30T16:25:43 IST">
  <testcase classname="L24_TestNG.Ex10_Sample1" name="TC1" time="0.018"/>
  <testcase classname="L24_TestNG.Ex10_Sample1" name="TC2" time="0.0">
    <ignored/>
  </testcase> <!-- TC2 -->
  <testcase classname="L24_TestNG.Ex10_Sample1" name="TC3" time="0.0">
    <ignored/>
  </testcase> <!-- TC3 -->
</testsuite> <!-- Test(failed)(failed)(failed) -->
